<?xml version="1.0" encoding="UTF-8"?>
<!-- Generated by org.testng.reporters.JUnitXMLReporter -->
<testsuite hostname="LAPTOP-P23OILEH" ignored="0" name="Car loan" tests="7" failures="0" timestamp="05 Dec 2020 17:48:44 GMT" time="0.056" errors="0">
  <testcase name="beforeClass" time="0.003" classname="Exam.day3"/>
  <testcase name="mobileLoginCarLoan" time="0.006" classname="Exam.day3"/>
  <testcase name="mobileSigninApiCarLoan" time="0.003" classname="Exam.day3"/>
  <testcase name="mobileSigninApiCarLoan" time="0.004" classname="Exam.day3"/>
  <testcase name="mobileSigninApiCarLoan" time="0.003" classname="Exam.day3"/>
  <testcase name="webLoginCarLoan" time="0.005" classname="Exam.day3"/>
  <testcase name="mobileAncoutApiCarLoan" time="0.002" classname="Exam.day3"/>
</testsuite> <!-- Car loan -->
