<?xml version="1.0" encoding="UTF-8"?>
<!-- Generated by org.testng.reporters.JUnitXMLReporter -->
<testsuite hostname="LAPTOP-P23OILEH" ignored="0" name="Personal loan" tests="11" failures="0" timestamp="05 Dec 2020 17:48:44 GMT" time="0.155" errors="0">
  <testcase name="arik" time="0.007" classname="Exam.day1"/>
  <testcase name="beta" time="0.008" classname="Exam.day1"/>
  <testcase name="demo" time="0.004" classname="Exam.day1"/>
  <testcase name="secondTest" time="0.003" classname="Exam.day1"/>
  <testcase name="zooemo" time="0.022" classname="Exam.day1"/>
  <testcase name="accountDemands" time="0.005" classname="Exam.day1"/>
  <testcase name="hLoan" time="0.005" classname="Exam.day2"/>
  <testcase name="pLoan" time="0.001" classname="Exam.day2"/>
  <testcase name="loginApiHomeLoan" time="0.007" classname="Exam.day4"/>
  <testcase name="mobileLoginHomeLoan" time="0.001" classname="Exam.day4"/>
  <testcase name="webLoginHomeLoan" time="0.001" classname="Exam.day4"/>
</testsuite> <!-- Personal loan -->
