<?xml version="1.0" encoding="UTF-8"?>
<!-- Generated by org.testng.reporters.JUnitXMLReporter -->
<testsuite hostname="LAPTOP-P23OILEH" ignored="7" name="Regression" tests="4" failures="0" timestamp="05 Dec 2020 07:01:48 GMT" time="0.069" errors="0">
  <testcase name="SecondTest" time="0.018" classname="Exam.day1"/>
  <testcase name="mobileLoginCarLoan" time="0.004" classname="Exam.day3"/>
  <testcase name="mobileSigninApiCarLoan" time="0.001" classname="Exam.day3"/>
  <testcase name="hLoan" time="0.002" classname="Exam.day2"/>
  <testcase name="loginApiHomeLoan" time="0.0" classname="Exam.day4">
    <ignored/>
  </testcase> <!-- loginApiHomeLoan -->
  <testcase name="mobileAncoutApiCarLoan" time="0.0" classname="Exam.day3">
    <ignored/>
  </testcase> <!-- mobileAncoutApiCarLoan -->
  <testcase name="webLoginCarLoan" time="0.0" classname="Exam.day3">
    <ignored/>
  </testcase> <!-- webLoginCarLoan -->
  <testcase name="Demo" time="0.0" classname="Exam.day1">
    <ignored/>
  </testcase> <!-- Demo -->
  <testcase name="pLoan" time="0.0" classname="Exam.day2">
    <ignored/>
  </testcase> <!-- pLoan -->
  <testcase name="mobileLoginHomeLoan" time="0.0" classname="Exam.day4">
    <ignored/>
  </testcase> <!-- mobileLoginHomeLoan -->
  <testcase name="webLoginHomeLoan" time="0.0" classname="Exam.day4">
    <ignored/>
  </testcase> <!-- webLoginHomeLoan -->
</testsuite> <!-- Regression -->
